#
# There is insufficient memory for the Java Runtime Environment to continue.
# Native memory allocation (malloc) failed to allocate 213296 bytes for Chunk::new
# Possible reasons:
#   The system is out of physical RAM or swap space
#   The process is running with CompressedOops enabled, and the Java Heap may be blocking the growth of the native heap
# Possible solutions:
#   Reduce memory load on the system
#   Increase physical memory or swap space
#   Check if swap backing store is full
#   Decrease Java heap size (-Xmx/-Xms)
#   Decrease number of Java threads
#   Decrease Java thread stack sizes (-Xss)
#   Set larger code cache with -XX:ReservedCodeCacheSize=
#   JVM is running with Zero Based Compressed Oops mode in which the Java heap is
#     placed in the first 32GB address space. The Java Heap base address is the
#     maximum limit for the native heap growth. Please use -XX:HeapBaseMinAddress
#     to set the Java Heap base and to place the Java Heap above 32GB virtual address.
# This output file may be truncated or incomplete.
#
#  Out of Memory Error (./src/hotspot/share/memory/arena.cpp:197), pid=10828, tid=18192
#
# JRE version: OpenJDK Runtime Environment (11.0.10) (build 11.0.10+0-b96-7249189)
# Java VM: OpenJDK 64-Bit Server VM (11.0.10+0-b96-7249189, mixed mode, tiered, compressed oops, g1 gc, windows-amd64)
# No core dump will be written. Minidumps are not enabled by default on client versions of Windows
#

---------------  S U M M A R Y ------------

Command Line: -Dorg.gradle.appname=gradlew org.gradle.wrapper.GradleWrapperMain -q -Ptarget-platform=android-x86 -Ptarget=C:\Users\TxLabz\Documents\projects\medifier\medifier\lib\main.dart -Pbase-application-name=android.app.Application -Pdart-defines=Zmx1dHRlci5pbnNwZWN0b3Iuc3RydWN0dXJlZEVycm9ycz10cnVl,RkxVVFRFUl9XRUJfQVVUT19ERVRFQ1Q9dHJ1ZQ== -Pdart-obfuscation=false -Ptrack-widget-creation=true -Ptree-shake-icons=false -Pfilesystem-scheme=org-dartlang-root assembleDebug

Host: Intel(R) Core(TM) i5-6300U CPU @ 2.40GHz, 4 cores, 15G,  Windows 10 , 64 bit Build 19041 (10.0.19041.1348)
Time: Sun Dec 19 13:45:38 2021 Pakistan Standard Time elapsed time: 9.804689 seconds (0d 0h 0m 9s)

---------------  T H R E A D  ---------------

Current thread (0x0000027f7df32000):  JavaThread "C2 CompilerThread0" daemon [_thread_in_native, id=18192, stack(0x000000adf5700000,0x000000adf5800000)]


Current CompileTask:
C2:   9804 1222       4       java.util.HashMap::putVal (300 bytes)

Stack: [0x000000adf5700000,0x000000adf5800000]
Native frames: (J=compiled Java code, j=interpreted, Vv=VM code, C=native code)
V  [jvm.dll+0x5ecfaa]
V  [jvm.dll+0x722bd5]
V  [jvm.dll+0x72412d]
V  [jvm.dll+0x7247e3]
V  [jvm.dll+0x242928]
V  [jvm.dll+0xbc4fc]
V  [jvm.dll+0xbca0c]
V  [jvm.dll+0x352d7d]
V  [jvm.dll+0x197c77]
V  [jvm.dll+0x1fb70e]
V  [jvm.dll+0x1fa7f4]
V  [jvm.dll+0x18354c]
V  [jvm.dll+0x208ee7]
V  [jvm.dll+0x207731]
V  [jvm.dll+0x6eb1cf]
V  [jvm.dll+0x6e3d45]
V  [jvm.dll+0x5ebe96]
C  [ucrtbase.dll+0x21bb2]
C  [KERNEL32.DLL+0x17034]
C  [ntdll.dll+0x52651]


---------------  P R O C E S S  ---------------

Threads class SMR info:
_java_thread_list=0x0000027f7f269000, length=11, elements={
0x0000027f6be3e000, 0x0000027f7df0c000, 0x0000027f7df0d800, 0x0000027f7df2a800,
0x0000027f7df2d000, 0x0000027f7df2e000, 0x0000027f7df32000, 0x0000027f7df75800,
0x0000027f7df96800, 0x0000027f7e0e0800, 0x0000027f7eb2d000
}

Java Threads: ( => current thread )
  0x0000027f6be3e000 JavaThread "main" [_thread_in_vm, id=25572, stack(0x000000adf4b00000,0x000000adf4c00000)]
  0x0000027f7df0c000 JavaThread "Reference Handler" daemon [_thread_blocked, id=29288, stack(0x000000adf5200000,0x000000adf5300000)]
  0x0000027f7df0d800 JavaThread "Finalizer" daemon [_thread_blocked, id=31444, stack(0x000000adf5300000,0x000000adf5400000)]
  0x0000027f7df2a800 JavaThread "Signal Dispatcher" daemon [_thread_blocked, id=31460, stack(0x000000adf5400000,0x000000adf5500000)]
  0x0000027f7df2d000 JavaThread "Attach Listener" daemon [_thread_blocked, id=10156, stack(0x000000adf5500000,0x000000adf5600000)]
  0x0000027f7df2e000 JavaThread "Service Thread" daemon [_thread_blocked, id=11876, stack(0x000000adf5600000,0x000000adf5700000)]
=>0x0000027f7df32000 JavaThread "C2 CompilerThread0" daemon [_thread_in_native, id=18192, stack(0x000000adf5700000,0x000000adf5800000)]
  0x0000027f7df75800 JavaThread "C1 CompilerThread0" daemon [_thread_blocked, id=4868, stack(0x000000adf5800000,0x000000adf5900000)]
  0x0000027f7df96800 JavaThread "Sweeper thread" daemon [_thread_blocked, id=26964, stack(0x000000adf5900000,0x000000adf5a00000)]
  0x0000027f7e0e0800 JavaThread "Common-Cleaner" daemon [_thread_blocked, id=10188, stack(0x000000adf5b00000,0x000000adf5c00000)]
  0x0000027f7eb2d000 JavaThread "pool-1-thread-1" [_thread_blocked, id=18472, stack(0x000000adf6000000,0x000000adf6100000)]

Other Threads:
  0x0000027f7dee5000 VMThread "VM Thread" [stack: 0x000000adf5100000,0x000000adf5200000] [id=31424]
  0x0000027f7e0dc800 WatcherThread [stack: 0x000000adf5a00000,0x000000adf5b00000] [id=17340]
  0x0000027f6e055000 GCTaskThread "GC Thread#0" [stack: 0x000000adf4c00000,0x000000adf4d00000] [id=26140]
  0x0000027f7e7dd800 GCTaskThread "GC Thread#1" [stack: 0x000000adf5c00000,0x000000adf5d00000] [id=6708]
  0x0000027f7e9d4000 GCTaskThread "GC Thread#2" [stack: 0x000000adf5d00000,0x000000adf5e00000] [id=20396]
  0x0000027f7e702800 GCTaskThread "GC Thread#3" [stack: 0x000000adf5e00000,0x000000adf5f00000] [id=17536]
  0x0000027f6e0af000 ConcurrentGCThread "G1 Main Marker" [stack: 0x000000adf4d00000,0x000000adf4e00000] [id=24764]
  0x0000027f6e0b1800 ConcurrentGCThread "G1 Conc#0" [stack: 0x000000adf4e00000,0x000000adf4f00000] [id=11128]
  0x0000027f7d542800 ConcurrentGCThread "G1 Refine#0" [stack: 0x000000adf4f00000,0x000000adf5000000] [id=30740]
  0x0000027f7d543800 ConcurrentGCThread "G1 Young RemSet Sampling" [stack: 0x000000adf5000000,0x000000adf5100000] [id=27352]

Threads with active compile tasks:
C2 CompilerThread0   9855 1222       4       java.util.HashMap::putVal (300 bytes)

VM state:not at safepoint (normal execution)

VM Mutex/Monitor currently owned by a thread: None

Heap address: 0x0000000703400000, size: 4044 MB, Compressed Oops mode: Zero based, Oop shift amount: 3
Narrow klass base: 0x0000000800000000, Narrow klass shift: 0
Compressed class space size: 1073741824 Address: 0x0000000800000000

Heap:
 garbage-first heap   total 260096K, used 24143K [0x0000000703400000, 0x0000000800000000)
  region size 1024K, 17 young (17408K), 1 survivors (1024K)
 Metaspace       used 15562K, capacity 15855K, committed 16000K, reserved 1064960K
  class space    used 1781K, capacity 1908K, committed 1920K, reserved 1048576K
Heap Regions: E=young(eden), S=young(survivor), O=old, HS=humongous(starts), HC=humongous(continues), CS=collection set, F=free, A=archive, TAMS=top-at-mark-start (previous, next)
|   0|0x0000000703400000, 0x00000007034e7c00, 0x0000000703500000| 90%| O|  |TAMS 0x0000000703400000, 0x0000000703400000| Untracked 
|   1|0x0000000703500000, 0x0000000703500000, 0x0000000703600000|  0%| F|  |TAMS 0x0000000703500000, 0x0000000703500000| Untracked 
|   2|0x0000000703600000, 0x0000000703600000, 0x0000000703700000|  0%| F|  |TAMS 0x0000000703600000, 0x0000000703600000| Untracked 
|   3|0x0000000703700000, 0x0000000703800000, 0x0000000703800000|100%|HS|  |TAMS 0x0000000703700000, 0x0000000703700000| Complete 
|   4|0x0000000703800000, 0x0000000703900000, 0x0000000703900000|100%|HC|  |TAMS 0x0000000703800000, 0x0000000703800000| Complete 
|   5|0x0000000703900000, 0x0000000703a00000, 0x0000000703a00000|100%|HC|  |TAMS 0x0000000703900000, 0x0000000703900000| Complete 
|   6|0x0000000703a00000, 0x0000000703b00000, 0x0000000703b00000|100%| O|  |TAMS 0x0000000703a00000, 0x0000000703a00000| Untracked 
|   7|0x0000000703b00000, 0x0000000703c00000, 0x0000000703c00000|100%| O|  |TAMS 0x0000000703b00000, 0x0000000703b00000| Untracked 
|   8|0x0000000703c00000, 0x0000000703d00000, 0x0000000703d00000|100%| O|  |TAMS 0x0000000703c00000, 0x0000000703c00000| Untracked 
|   9|0x0000000703d00000, 0x0000000703e00000, 0x0000000703e00000|100%| O|  |TAMS 0x0000000703d00000, 0x0000000703d00000| Untracked 
|  10|0x0000000703e00000, 0x0000000703e00000, 0x0000000703f00000|  0%| F|  |TAMS 0x0000000703e00000, 0x0000000703e00000| Untracked 
|  11|0x0000000703f00000, 0x0000000703f00000, 0x0000000704000000|  0%| F|  |TAMS 0x0000000703f00000, 0x0000000703f00000| Untracked 
|  12|0x0000000704000000, 0x0000000704000000, 0x0000000704100000|  0%| F|  |TAMS 0x0000000704000000, 0x0000000704000000| Untracked 
|  13|0x0000000704100000, 0x0000000704100000, 0x0000000704200000|  0%| F|  |TAMS 0x0000000704100000, 0x0000000704100000| Untracked 
|  14|0x0000000704200000, 0x0000000704200000, 0x0000000704300000|  0%| F|  |TAMS 0x0000000704200000, 0x0000000704200000| Untracked 
|  15|0x0000000704300000, 0x0000000704300000, 0x0000000704400000|  0%| F|  |TAMS 0x0000000704300000, 0x0000000704300000| Untracked 
|  16|0x0000000704400000, 0x0000000704400000, 0x0000000704500000|  0%| F|  |TAMS 0x0000000704400000, 0x0000000704400000| Untracked 
|  17|0x0000000704500000, 0x0000000704500000, 0x0000000704600000|  0%| F|  |TAMS 0x0000000704500000, 0x0000000704500000| Untracked 
|  18|0x0000000704600000, 0x0000000704600000, 0x0000000704700000|  0%| F|  |TAMS 0x0000000704600000, 0x0000000704600000| Untracked 
|  19|0x0000000704700000, 0x0000000704700000, 0x0000000704800000|  0%| F|  |TAMS 0x0000000704700000, 0x0000000704700000| Untracked 
|  20|0x0000000704800000, 0x0000000704800000, 0x0000000704900000|  0%| F|  |TAMS 0x0000000704800000, 0x0000000704800000| Untracked 
|  21|0x0000000704900000, 0x0000000704900000, 0x0000000704a00000|  0%| F|  |TAMS 0x0000000704900000, 0x0000000704900000| Untracked 
|  22|0x0000000704a00000, 0x0000000704a00000, 0x0000000704b00000|  0%| F|  |TAMS 0x0000000704a00000, 0x0000000704a00000| Untracked 
|  23|0x0000000704b00000, 0x0000000704b00000, 0x0000000704c00000|  0%| F|  |TAMS 0x0000000704b00000, 0x0000000704b00000| Untracked 
|  24|0x0000000704c00000, 0x0000000704c00000, 0x0000000704d00000|  0%| F|  |TAMS 0x0000000704c00000, 0x0000000704c00000| Untracked 
|  25|0x0000000704d00000, 0x0000000704d00000, 0x0000000704e00000|  0%| F|  |TAMS 0x0000000704d00000, 0x0000000704d00000| Untracked 
|  26|0x0000000704e00000, 0x0000000704e00000, 0x0000000704f00000|  0%| F|  |TAMS 0x0000000704e00000, 0x0000000704e00000| Untracked 
|  27|0x0000000704f00000, 0x0000000704f00000, 0x0000000705000000|  0%| F|  |TAMS 0x0000000704f00000, 0x0000000704f00000| Untracked 
|  28|0x0000000705000000, 0x0000000705000000, 0x0000000705100000|  0%| F|  |TAMS 0x0000000705000000, 0x0000000705000000| Untracked 
|  29|0x0000000705100000, 0x0000000705100000, 0x0000000705200000|  0%| F|  |TAMS 0x0000000705100000, 0x0000000705100000| Untracked 
|  30|0x0000000705200000, 0x0000000705200000, 0x0000000705300000|  0%| F|  |TAMS 0x0000000705200000, 0x0000000705200000| Untracked 
|  31|0x0000000705300000, 0x0000000705300000, 0x0000000705400000|  0%| F|  |TAMS 0x0000000705300000, 0x0000000705300000| Untracked 
|  32|0x0000000705400000, 0x0000000705400000, 0x0000000705500000|  0%| F|  |TAMS 0x0000000705400000, 0x0000000705400000| Untracked 
|  33|0x0000000705500000, 0x0000000705500000, 0x0000000705600000|  0%| F|  |TAMS 0x0000000705500000, 0x0000000705500000| Untracked 
|  34|0x0000000705600000, 0x0000000705600000, 0x0000000705700000|  0%| F|  |TAMS 0x0000000705600000, 0x0000000705600000| Untracked 
|  35|0x0000000705700000, 0x0000000705700000, 0x0000000705800000|  0%| F|  |TAMS 0x0000000705700000, 0x0000000705700000| Untracked 
|  36|0x0000000705800000, 0x0000000705800000, 0x0000000705900000|  0%| F|  |TAMS 0x0000000705800000, 0x0000000705800000| Untracked 
|  37|0x0000000705900000, 0x0000000705900000, 0x0000000705a00000|  0%| F|  |TAMS 0x0000000705900000, 0x0000000705900000| Untracked 
|  38|0x0000000705a00000, 0x0000000705a00000, 0x0000000705b00000|  0%| F|  |TAMS 0x0000000705a00000, 0x0000000705a00000| Untracked 
|  39|0x0000000705b00000, 0x0000000705b00000, 0x0000000705c00000|  0%| F|  |TAMS 0x0000000705b00000, 0x0000000705b00000| Untracked 
|  40|0x0000000705c00000, 0x0000000705c00000, 0x0000000705d00000|  0%| F|  |TAMS 0x0000000705c00000, 0x0000000705c00000| Untracked 
|  41|0x0000000705d00000, 0x0000000705d00000, 0x0000000705e00000|  0%| F|  |TAMS 0x0000000705d00000, 0x0000000705d00000| Untracked 
|  42|0x0000000705e00000, 0x0000000705e00000, 0x0000000705f00000|  0%| F|  |TAMS 0x0000000705e00000, 0x0000000705e00000| Untracked 
|  43|0x0000000705f00000, 0x0000000705f00000, 0x0000000706000000|  0%| F|  |TAMS 0x0000000705f00000, 0x0000000705f00000| Untracked 
|  44|0x0000000706000000, 0x0000000706000000, 0x0000000706100000|  0%| F|  |TAMS 0x0000000706000000, 0x0000000706000000| Untracked 
|  45|0x0000000706100000, 0x0000000706100000, 0x0000000706200000|  0%| F|  |TAMS 0x0000000706100000, 0x0000000706100000| Untracked 
|  46|0x0000000706200000, 0x0000000706200000, 0x0000000706300000|  0%| F|  |TAMS 0x0000000706200000, 0x0000000706200000| Untracked 
|  47|0x0000000706300000, 0x0000000706300000, 0x0000000706400000|  0%| F|  |TAMS 0x0000000706300000, 0x0000000706300000| Untracked 
|  48|0x0000000706400000, 0x0000000706400000, 0x0000000706500000|  0%| F|  |TAMS 0x0000000706400000, 0x0000000706400000| Untracked 
|  49|0x0000000706500000, 0x0000000706500000, 0x0000000706600000|  0%| F|  |TAMS 0x0000000706500000, 0x0000000706500000| Untracked 
|  50|0x0000000706600000, 0x0000000706600000, 0x0000000706700000|  0%| F|  |TAMS 0x0000000706600000, 0x0000000706600000| Untracked 
|  51|0x0000000706700000, 0x0000000706700000, 0x0000000706800000|  0%| F|  |TAMS 0x0000000706700000, 0x0000000706700000| Untracked 
|  52|0x0000000706800000, 0x0000000706800000, 0x0000000706900000|  0%| F|  |TAMS 0x0000000706800000, 0x0000000706800000| Untracked 
|  53|0x0000000706900000, 0x0000000706900000, 0x0000000706a00000|  0%| F|  |TAMS 0x0000000706900000, 0x0000000706900000| Untracked 
|  54|0x0000000706a00000, 0x0000000706a00000, 0x0000000706b00000|  0%| F|  |TAMS 0x0000000706a00000, 0x0000000706a00000| Untracked 
|  55|0x0000000706b00000, 0x0000000706b00000, 0x0000000706c00000|  0%| F|  |TAMS 0x0000000706b00000, 0x0000000706b00000| Untracked 
|  56|0x0000000706c00000, 0x0000000706c00000, 0x0000000706d00000|  0%| F|  |TAMS 0x0000000706c00000, 0x0000000706c00000| Untracked 
|  57|0x0000000706d00000, 0x0000000706d00000, 0x0000000706e00000|  0%| F|  |TAMS 0x0000000706d00000, 0x0000000706d00000| Untracked 
|  58|0x0000000706e00000, 0x0000000706e00000, 0x0000000706f00000|  0%| F|  |TAMS 0x0000000706e00000, 0x0000000706e00000| Untracked 
|  59|0x0000000706f00000, 0x0000000706f00000, 0x0000000707000000|  0%| F|  |TAMS 0x0000000706f00000, 0x0000000706f00000| Untracked 
|  60|0x0000000707000000, 0x0000000707000000, 0x0000000707100000|  0%| F|  |TAMS 0x0000000707000000, 0x0000000707000000| Untracked 
|  61|0x0000000707100000, 0x0000000707100000, 0x0000000707200000|  0%| F|  |TAMS 0x0000000707100000, 0x0000000707100000| Untracked 
|  62|0x0000000707200000, 0x0000000707200000, 0x0000000707300000|  0%| F|  |TAMS 0x0000000707200000, 0x0000000707200000| Untracked 
|  63|0x0000000707300000, 0x0000000707300000, 0x0000000707400000|  0%| F|  |TAMS 0x0000000707300000, 0x0000000707300000| Untracked 
|  64|0x0000000707400000, 0x0000000707400000, 0x0000000707500000|  0%| F|  |TAMS 0x0000000707400000, 0x0000000707400000| Untracked 
|  65|0x0000000707500000, 0x0000000707500000, 0x0000000707600000|  0%| F|  |TAMS 0x0000000707500000, 0x0000000707500000| Untracked 
|  66|0x0000000707600000, 0x0000000707600000, 0x0000000707700000|  0%| F|  |TAMS 0x0000000707600000, 0x0000000707600000| Untracked 
|  67|0x0000000707700000, 0x0000000707700000, 0x0000000707800000|  0%| F|  |TAMS 0x0000000707700000, 0x0000000707700000| Untracked 
|  68|0x0000000707800000, 0x0000000707800000, 0x0000000707900000|  0%| F|  |TAMS 0x0000000707800000, 0x0000000707800000| Untracked 
|  69|0x0000000707900000, 0x0000000707900000, 0x0000000707a00000|  0%| F|  |TAMS 0x0000000707900000, 0x0000000707900000| Untracked 
|  70|0x0000000707a00000, 0x0000000707a00000, 0x0000000707b00000|  0%| F|  |TAMS 0x0000000707a00000, 0x0000000707a00000| Untracked 
|  71|0x0000000707b00000, 0x0000000707b00000, 0x0000000707c00000|  0%| F|  |TAMS 0x0000000707b00000, 0x0000000707b00000| Untracked 
|  72|0x0000000707c00000, 0x0000000707c00000, 0x0000000707d00000|  0%| F|  |TAMS 0x0000000707c00000, 0x0000000707c00000| Untracked 
|  73|0x0000000707d00000, 0x0000000707d00000, 0x0000000707e00000|  0%| F|  |TAMS 0x0000000707d00000, 0x0000000707d00000| Untracked 
|  74|0x0000000707e00000, 0x0000000707e00000, 0x0000000707f00000|  0%| F|  |TAMS 0x0000000707e00000, 0x0000000707e00000| Untracked 
|  75|0x0000000707f00000, 0x0000000707f00000, 0x0000000708000000|  0%| F|  |TAMS 0x0000000707f00000, 0x0000000707f00000| Untracked 
|  76|0x0000000708000000, 0x0000000708000000, 0x0000000708100000|  0%| F|  |TAMS 0x0000000708000000, 0x0000000708000000| Untracked 
|  77|0x0000000708100000, 0x0000000708100000, 0x0000000708200000|  0%| F|  |TAMS 0x0000000708100000, 0x0000000708100000| Untracked 
|  78|0x0000000708200000, 0x0000000708200000, 0x0000000708300000|  0%| F|  |TAMS 0x0000000708200000, 0x0000000708200000| Untracked 
|  79|0x0000000708300000, 0x0000000708300000, 0x0000000708400000|  0%| F|  |TAMS 0x0000000708300000, 0x0000000708300000| Untracked 
|  80|0x0000000708400000, 0x0000000708400000, 0x0000000708500000|  0%| F|  |TAMS 0x0000000708400000, 0x0000000708400000| Untracked 
|  81|0x0000000708500000, 0x0000000708500000, 0x0000000708600000|  0%| F|  |TAMS 0x0000000708500000, 0x0000000708500000| Untracked 
|  82|0x0000000708600000, 0x0000000708600000, 0x0000000708700000|  0%| F|  |TAMS 0x0000000708600000, 0x0000000708600000| Untracked 
|  83|0x0000000708700000, 0x0000000708700000, 0x0000000708800000|  0%| F|  |TAMS 0x0000000708700000, 0x0000000708700000| Untracked 
|  84|0x0000000708800000, 0x0000000708800000, 0x0000000708900000|  0%| F|  |TAMS 0x0000000708800000, 0x0000000708800000| Untracked 
|  85|0x0000000708900000, 0x0000000708900000, 0x0000000708a00000|  0%| F|  |TAMS 0x0000000708900000, 0x0000000708900000| Untracked 
|  86|0x0000000708a00000, 0x0000000708a00000, 0x0000000708b00000|  0%| F|  |TAMS 0x0000000708a00000, 0x0000000708a00000| Untracked 
|  87|0x0000000708b00000, 0x0000000708b00000, 0x0000000708c00000|  0%| F|  |TAMS 0x0000000708b00000, 0x0000000708b00000| Untracked 
|  88|0x0000000708c00000, 0x0000000708c00000, 0x0000000708d00000|  0%| F|  |TAMS 0x0000000708c00000, 0x0000000708c00000| Untracked 
|  89|0x0000000708d00000, 0x0000000708d00000, 0x0000000708e00000|  0%| F|  |TAMS 0x0000000708d00000, 0x0000000708d00000| Untracked 
|  90|0x0000000708e00000, 0x0000000708e00000, 0x0000000708f00000|  0%| F|  |TAMS 0x0000000708e00000, 0x0000000708e00000| Untracked 
|  91|0x0000000708f00000, 0x0000000708f00000, 0x0000000709000000|  0%| F|  |TAMS 0x0000000708f00000, 0x0000000708f00000| Untracked 
|  92|0x0000000709000000, 0x0000000709000000, 0x0000000709100000|  0%| F|  |TAMS 0x0000000709000000, 0x0000000709000000| Untracked 
|  93|0x0000000709100000, 0x0000000709100000, 0x0000000709200000|  0%| F|  |TAMS 0x0000000709100000, 0x0000000709100000| Untracked 
|  94|0x0000000709200000, 0x0000000709200000, 0x0000000709300000|  0%| F|  |TAMS 0x0000000709200000, 0x0000000709200000| Untracked 
|  95|0x0000000709300000, 0x0000000709300000, 0x0000000709400000|  0%| F|  |TAMS 0x0000000709300000, 0x0000000709300000| Untracked 
|  96|0x0000000709400000, 0x0000000709400000, 0x0000000709500000|  0%| F|  |TAMS 0x0000000709400000, 0x0000000709400000| Untracked 
|  97|0x0000000709500000, 0x0000000709500000, 0x0000000709600000|  0%| F|  |TAMS 0x0000000709500000, 0x0000000709500000| Untracked 
|  98|0x0000000709600000, 0x0000000709600000, 0x0000000709700000|  0%| F|  |TAMS 0x0000000709600000, 0x0000000709600000| Untracked 
|  99|0x0000000709700000, 0x0000000709700000, 0x0000000709800000|  0%| F|  |TAMS 0x0000000709700000, 0x0000000709700000| Untracked 
| 100|0x0000000709800000, 0x0000000709800000, 0x0000000709900000|  0%| F|  |TAMS 0x0000000709800000, 0x0000000709800000| Untracked 
| 101|0x0000000709900000, 0x0000000709900000, 0x0000000709a00000|  0%| F|  |TAMS 0x0000000709900000, 0x0000000709900000| Untracked 
| 102|0x0000000709a00000, 0x0000000709a00000, 0x0000000709b00000|  0%| F|  |TAMS 0x0000000709a00000, 0x0000000709a00000| Untracked 
| 103|0x0000000709b00000, 0x0000000709b00000, 0x0000000709c00000|  0%| F|  |TAMS 0x0000000709b00000, 0x0000000709b00000| Untracked 
| 104|0x0000000709c00000, 0x0000000709c00000, 0x0000000709d00000|  0%| F|  |TAMS 0x0000000709c00000, 0x0000000709c00000| Untracked 
| 105|0x0000000709d00000, 0x0000000709d00000, 0x0000000709e00000|  0%| F|  |TAMS 0x0000000709d00000, 0x0000000709d00000| Untracked 
| 106|0x0000000709e00000, 0x0000000709e00000, 0x0000000709f00000|  0%| F|  |TAMS 0x0000000709e00000, 0x0000000709e00000| Untracked 
| 107|0x0000000709f00000, 0x0000000709f00000, 0x000000070a000000|  0%| F|  |TAMS 0x0000000709f00000, 0x0000000709f00000| Untracked 
| 108|0x000000070a000000, 0x000000070a000000, 0x000000070a100000|  0%| F|  |TAMS 0x000000070a000000, 0x000000070a000000| Untracked 
| 109|0x000000070a100000, 0x000000070a100000, 0x000000070a200000|  0%| F|  |TAMS 0x000000070a100000, 0x000000070a100000| Untracked 
| 110|0x000000070a200000, 0x000000070a200000, 0x000000070a300000|  0%| F|  |TAMS 0x000000070a200000, 0x000000070a200000| Untracked 
| 111|0x000000070a300000, 0x000000070a300000, 0x000000070a400000|  0%| F|  |TAMS 0x000000070a300000, 0x000000070a300000| Untracked 
| 112|0x000000070a400000, 0x000000070a400000, 0x000000070a500000|  0%| F|  |TAMS 0x000000070a400000, 0x000000070a400000| Untracked 
| 113|0x000000070a500000, 0x000000070a500000, 0x000000070a600000|  0%| F|  |TAMS 0x000000070a500000, 0x000000070a500000| Untracked 
| 114|0x000000070a600000, 0x000000070a600000, 0x000000070a700000|  0%| F|  |TAMS 0x000000070a600000, 0x000000070a600000| Untracked 
| 115|0x000000070a700000, 0x000000070a700000, 0x000000070a800000|  0%| F|  |TAMS 0x000000070a700000, 0x000000070a700000| Untracked 
| 116|0x000000070a800000, 0x000000070a800000, 0x000000070a900000|  0%| F|  |TAMS 0x000000070a800000, 0x000000070a800000| Untracked 
| 117|0x000000070a900000, 0x000000070a900000, 0x000000070aa00000|  0%| F|  |TAMS 0x000000070a900000, 0x000000070a900000| Untracked 
| 118|0x000000070aa00000, 0x000000070aa00000, 0x000000070ab00000|  0%| F|  |TAMS 0x000000070aa00000, 0x000000070aa00000| Untracked 
| 119|0x000000070ab00000, 0x000000070ab00000, 0x000000070ac00000|  0%| F|  |TAMS 0x000000070ab00000, 0x000000070ab00000| Untracked 
| 120|0x000000070ac00000, 0x000000070ac00000, 0x000000070ad00000|  0%| F|  |TAMS 0x000000070ac00000, 0x000000070ac00000| Untracked 
| 121|0x000000070ad00000, 0x000000070ad00000, 0x000000070ae00000|  0%| F|  |TAMS 0x000000070ad00000, 0x000000070ad00000| Untracked 
| 122|0x000000070ae00000, 0x000000070ae00000, 0x000000070af00000|  0%| F|  |TAMS 0x000000070ae00000, 0x000000070ae00000| Untracked 
| 123|0x000000070af00000, 0x000000070af00000, 0x000000070b000000|  0%| F|  |TAMS 0x000000070af00000, 0x000000070af00000| Untracked 
| 124|0x000000070b000000, 0x000000070b000000, 0x000000070b100000|  0%| F|  |TAMS 0x000000070b000000, 0x000000070b000000| Untracked 
| 125|0x000000070b100000, 0x000000070b100000, 0x000000070b200000|  0%| F|  |TAMS 0x000000070b100000, 0x000000070b100000| Untracked 
| 126|0x000000070b200000, 0x000000070b200000, 0x000000070b300000|  0%| F|  |TAMS 0x000000070b200000, 0x000000070b200000| Untracked 
| 127|0x000000070b300000, 0x000000070b300000, 0x000000070b400000|  0%| F|  |TAMS 0x000000070b300000, 0x000000070b300000| Untracked 
| 128|0x000000070b400000, 0x000000070b400000, 0x000000070b500000|  0%| F|  |TAMS 0x000000070b400000, 0x000000070b400000| Untracked 
| 129|0x000000070b500000, 0x000000070b500000, 0x000000070b600000|  0%| F|  |TAMS 0x000000070b500000, 0x000000070b500000| Untracked 
| 130|0x000000070b600000, 0x000000070b600000, 0x000000070b700000|  0%| F|  |TAMS 0x000000070b600000, 0x000000070b600000| Untracked 
| 131|0x000000070b700000, 0x000000070b700000, 0x000000070b800000|  0%| F|  |TAMS 0x000000070b700000, 0x000000070b700000| Untracked 
| 132|0x000000070b800000, 0x000000070b800000, 0x000000070b900000|  0%| F|  |TAMS 0x000000070b800000, 0x000000070b800000| Untracked 
| 133|0x000000070b900000, 0x000000070b900000, 0x000000070ba00000|  0%| F|  |TAMS 0x000000070b900000, 0x000000070b900000| Untracked 
| 134|0x000000070ba00000, 0x000000070ba00000, 0x000000070bb00000|  0%| F|  |TAMS 0x000000070ba00000, 0x000000070ba00000| Untracked 
| 135|0x000000070bb00000, 0x000000070bb00000, 0x000000070bc00000|  0%| F|  |TAMS 0x000000070bb00000, 0x000000070bb00000| Untracked 
| 136|0x000000070bc00000, 0x000000070bc00000, 0x000000070bd00000|  0%| F|  |TAMS 0x000000070bc00000, 0x000000070bc00000| Untracked 
| 137|0x000000070bd00000, 0x000000070bd00000, 0x000000070be00000|  0%| F|  |TAMS 0x000000070bd00000, 0x000000070bd00000| Untracked 
| 138|0x000000070be00000, 0x000000070be00000, 0x000000070bf00000|  0%| F|  |TAMS 0x000000070be00000, 0x000000070be00000| Untracked 
| 139|0x000000070bf00000, 0x000000070bf00000, 0x000000070c000000|  0%| F|  |TAMS 0x000000070bf00000, 0x000000070bf00000| Untracked 
| 140|0x000000070c000000, 0x000000070c000000, 0x000000070c100000|  0%| F|  |TAMS 0x000000070c000000, 0x000000070c000000| Untracked 
| 141|0x000000070c100000, 0x000000070c100000, 0x000000070c200000|  0%| F|  |TAMS 0x000000070c100000, 0x000000070c100000| Untracked 
| 142|0x000000070c200000, 0x000000070c200000, 0x000000070c300000|  0%| F|  |TAMS 0x000000070c200000, 0x000000070c200000| Untracked 
| 143|0x000000070c300000, 0x000000070c300000, 0x000000070c400000|  0%| F|  |TAMS 0x000000070c300000, 0x000000070c300000| Untracked 
| 144|0x000000070c400000, 0x000000070c400000, 0x000000070c500000|  0%| F|  |TAMS 0x000000070c400000, 0x000000070c400000| Untracked 
| 145|0x000000070c500000, 0x000000070c500000, 0x000000070c600000|  0%| F|  |TAMS 0x000000070c500000, 0x000000070c500000| Untracked 
| 146|0x000000070c600000, 0x000000070c600000, 0x000000070c700000|  0%| F|  |TAMS 0x000000070c600000, 0x000000070c600000| Untracked 
| 147|0x000000070c700000, 0x000000070c700000, 0x000000070c800000|  0%| F|  |TAMS 0x000000070c700000, 0x000000070c700000| Untracked 
| 148|0x000000070c800000, 0x000000070c800000, 0x000000070c900000|  0%| F|  |TAMS 0x000000070c800000, 0x000000070c800000| Untracked 
| 149|0x000000070c900000, 0x000000070c900000, 0x000000070ca00000|  0%| F|  |TAMS 0x000000070c900000, 0x000000070c900000| Untracked 
| 150|0x000000070ca00000, 0x000000070ca00000, 0x000000070cb00000|  0%| F|  |TAMS 0x000000070ca00000, 0x000000070ca00000| Untracked 
| 151|0x000000070cb00000, 0x000000070cb00000, 0x000000070cc00000|  0%| F|  |TAMS 0x000000070cb00000, 0x000000070cb00000| Untracked 
| 152|0x000000070cc00000, 0x000000070cc00000, 0x000000070cd00000|  0%| F|  |TAMS 0x000000070cc00000, 0x000000070cc00000| Untracked 
| 153|0x000000070cd00000, 0x000000070cd00000, 0x000000070ce00000|  0%| F|  |TAMS 0x000000070cd00000, 0x000000070cd00000| Untracked 
| 154|0x000000070ce00000, 0x000000070ce00000, 0x000000070cf00000|  0%| F|  |TAMS 0x000000070ce00000, 0x000000070ce00000| Untracked 
| 155|0x000000070cf00000, 0x000000070cf00000, 0x000000070d000000|  0%| F|  |TAMS 0x000000070cf00000, 0x000000070cf00000| Untracked 
| 156|0x000000070d000000, 0x000000070d000000, 0x000000070d100000|  0%| F|  |TAMS 0x000000070d000000, 0x000000070d000000| Untracked 
| 157|0x000000070d100000, 0x000000070d100000, 0x000000070d200000|  0%| F|  |TAMS 0x000000070d100000, 0x000000070d100000| Untracked 
| 158|0x000000070d200000, 0x000000070d200000, 0x000000070d300000|  0%| F|  |TAMS 0x000000070d200000, 0x000000070d200000| Untracked 
| 159|0x000000070d300000, 0x000000070d300000, 0x000000070d400000|  0%| F|  |TAMS 0x000000070d300000, 0x000000070d300000| Untracked 
| 160|0x000000070d400000, 0x000000070d400000, 0x000000070d500000|  0%| F|  |TAMS 0x000000070d400000, 0x000000070d400000| Untracked 
| 161|0x000000070d500000, 0x000000070d500000, 0x000000070d600000|  0%| F|  |TAMS 0x000000070d500000, 0x000000070d500000| Untracked 
| 162|0x000000070d600000, 0x000000070d600000, 0x000000070d700000|  0%| F|  |TAMS 0x000000070d600000, 0x000000070d600000| Untracked 
| 163|0x000000070d700000, 0x000000070d700000, 0x000000070d800000|  0%| F|  |TAMS 0x000000070d700000, 0x000000070d700000| Untracked 
| 164|0x000000070d800000, 0x000000070d800000, 0x000000070d900000|  0%| F|  |TAMS 0x000000070d800000, 0x000000070d800000| Untracked 
| 165|0x000000070d900000, 0x000000070d900000, 0x000000070da00000|  0%| F|  |TAMS 0x000000070d900000, 0x000000070d900000| Untracked 
| 166|0x000000070da00000, 0x000000070da00000, 0x000000070db00000|  0%| F|  |TAMS 0x000000070da00000, 0x000000070da00000| Untracked 
| 167|0x000000070db00000, 0x000000070db00000, 0x000000070dc00000|  0%| F|  |TAMS 0x000000070db00000, 0x000000070db00000| Untracked 
| 168|0x000000070dc00000, 0x000000070dc00000, 0x000000070dd00000|  0%| F|  |TAMS 0x000000070dc00000, 0x000000070dc00000| Untracked 
| 169|0x000000070dd00000, 0x000000070dd00000, 0x000000070de00000|  0%| F|  |TAMS 0x000000070dd00000, 0x000000070dd00000| Untracked 
| 170|0x000000070de00000, 0x000000070de00000, 0x000000070df00000|  0%| F|  |TAMS 0x000000070de00000, 0x000000070de00000| Untracked 
| 171|0x000000070df00000, 0x000000070df00000, 0x000000070e000000|  0%| F|  |TAMS 0x000000070df00000, 0x000000070df00000| Untracked 
| 172|0x000000070e000000, 0x000000070e000000, 0x000000070e100000|  0%| F|  |TAMS 0x000000070e000000, 0x000000070e000000| Untracked 
| 173|0x000000070e100000, 0x000000070e100000, 0x000000070e200000|  0%| F|  |TAMS 0x000000070e100000, 0x000000070e100000| Untracked 
| 174|0x000000070e200000, 0x000000070e200000, 0x000000070e300000|  0%| F|  |TAMS 0x000000070e200000, 0x000000070e200000| Untracked 
| 175|0x000000070e300000, 0x000000070e300000, 0x000000070e400000|  0%| F|  |TAMS 0x000000070e300000, 0x000000070e300000| Untracked 
| 176|0x000000070e400000, 0x000000070e400000, 0x000000070e500000|  0%| F|  |TAMS 0x000000070e400000, 0x000000070e400000| Untracked 
| 177|0x000000070e500000, 0x000000070e500000, 0x000000070e600000|  0%| F|  |TAMS 0x000000070e500000, 0x000000070e500000| Untracked 
| 178|0x000000070e600000, 0x000000070e600000, 0x000000070e700000|  0%| F|  |TAMS 0x000000070e600000, 0x000000070e600000| Untracked 
| 179|0x000000070e700000, 0x000000070e700000, 0x000000070e800000|  0%| F|  |TAMS 0x000000070e700000, 0x000000070e700000| Untracked 
| 180|0x000000070e800000, 0x000000070e800000, 0x000000070e900000|  0%| F|  |TAMS 0x000000070e800000, 0x000000070e800000| Untracked 
| 181|0x000000070e900000, 0x000000070e900000, 0x000000070ea00000|  0%| F|  |TAMS 0x000000070e900000, 0x000000070e900000| Untracked 
| 182|0x000000070ea00000, 0x000000070ea00000, 0x000000070eb00000|  0%| F|  |TAMS 0x000000070ea00000, 0x000000070ea00000| Untracked 
| 183|0x000000070eb00000, 0x000000070eb00000, 0x000000070ec00000|  0%| F|  |TAMS 0x000000070eb00000, 0x000000070eb00000| Untracked 
| 184|0x000000070ec00000, 0x000000070ec00000, 0x000000070ed00000|  0%| F|  |TAMS 0x000000070ec00000, 0x000000070ec00000| Untracked 
| 185|0x000000070ed00000, 0x000000070ed00000, 0x000000070ee00000|  0%| F|  |TAMS 0x000000070ed00000, 0x000000070ed00000| Untracked 
| 186|0x000000070ee00000, 0x000000070ee00000, 0x000000070ef00000|  0%| F|  |TAMS 0x000000070ee00000, 0x000000070ee00000| Untracked 
| 187|0x000000070ef00000, 0x000000070ef00000, 0x000000070f000000|  0%| F|  |TAMS 0x000000070ef00000, 0x000000070ef00000| Untracked 
| 188|0x000000070f000000, 0x000000070f000000, 0x000000070f100000|  0%| F|  |TAMS 0x000000070f000000, 0x000000070f000000| Untracked 
| 189|0x000000070f100000, 0x000000070f100000, 0x000000070f200000|  0%| F|  |TAMS 0x000000070f100000, 0x000000070f100000| Untracked 
| 190|0x000000070f200000, 0x000000070f200000, 0x000000070f300000|  0%| F|  |TAMS 0x000000070f200000, 0x000000070f200000| Untracked 
| 191|0x000000070f300000, 0x000000070f300000, 0x000000070f400000|  0%| F|  |TAMS 0x000000070f300000, 0x000000070f300000| Untracked 
| 192|0x000000070f400000, 0x000000070f400000, 0x000000070f500000|  0%| F|  |TAMS 0x000000070f400000, 0x000000070f400000| Untracked 
| 193|0x000000070f500000, 0x000000070f500000, 0x000000070f600000|  0%| F|  |TAMS 0x000000070f500000, 0x000000070f500000| Untracked 
| 194|0x000000070f600000, 0x000000070f600000, 0x000000070f700000|  0%| F|  |TAMS 0x000000070f600000, 0x000000070f600000| Untracked 
| 195|0x000000070f700000, 0x000000070f700000, 0x000000070f800000|  0%| F|  |TAMS 0x000000070f700000, 0x000000070f700000| Untracked 
| 196|0x000000070f800000, 0x000000070f800000, 0x000000070f900000|  0%| F|  |TAMS 0x000000070f800000, 0x000000070f800000| Untracked 
| 197|0x000000070f900000, 0x000000070f900000, 0x000000070fa00000|  0%| F|  |TAMS 0x000000070f900000, 0x000000070f900000| Untracked 
| 198|0x000000070fa00000, 0x000000070fa00000, 0x000000070fb00000|  0%| F|  |TAMS 0x000000070fa00000, 0x000000070fa00000| Untracked 
| 199|0x000000070fb00000, 0x000000070fb00000, 0x000000070fc00000|  0%| F|  |TAMS 0x000000070fb00000, 0x000000070fb00000| Untracked 
| 200|0x000000070fc00000, 0x000000070fc00000, 0x000000070fd00000|  0%| F|  |TAMS 0x000000070fc00000, 0x000000070fc00000| Untracked 
| 201|0x000000070fd00000, 0x000000070fd00000, 0x000000070fe00000|  0%| F|  |TAMS 0x000000070fd00000, 0x000000070fd00000| Untracked 
| 202|0x000000070fe00000, 0x000000070fe00000, 0x000000070ff00000|  0%| F|  |TAMS 0x000000070fe00000, 0x000000070fe00000| Untracked 
| 203|0x000000070ff00000, 0x000000070ff00000, 0x0000000710000000|  0%| F|  |TAMS 0x000000070ff00000, 0x000000070ff00000| Untracked 
| 204|0x0000000710000000, 0x0000000710000000, 0x0000000710100000|  0%| F|  |TAMS 0x0000000710000000, 0x0000000710000000| Untracked 
| 205|0x0000000710100000, 0x0000000710100000, 0x0000000710200000|  0%| F|  |TAMS 0x0000000710100000, 0x0000000710100000| Untracked 
| 206|0x0000000710200000, 0x0000000710200000, 0x0000000710300000|  0%| F|  |TAMS 0x0000000710200000, 0x0000000710200000| Untracked 
| 207|0x0000000710300000, 0x0000000710300000, 0x0000000710400000|  0%| F|  |TAMS 0x0000000710300000, 0x0000000710300000| Untracked 
| 208|0x0000000710400000, 0x0000000710400000, 0x0000000710500000|  0%| F|  |TAMS 0x0000000710400000, 0x0000000710400000| Untracked 
| 209|0x0000000710500000, 0x0000000710500000, 0x0000000710600000|  0%| F|  |TAMS 0x0000000710500000, 0x0000000710500000| Untracked 
| 210|0x0000000710600000, 0x0000000710600000, 0x0000000710700000|  0%| F|  |TAMS 0x0000000710600000, 0x0000000710600000| Untracked 
| 211|0x0000000710700000, 0x0000000710700000, 0x0000000710800000|  0%| F|  |TAMS 0x0000000710700000, 0x0000000710700000| Untracked 
| 212|0x0000000710800000, 0x0000000710800000, 0x0000000710900000|  0%| F|  |TAMS 0x0000000710800000, 0x0000000710800000| Untracked 
| 213|0x0000000710900000, 0x0000000710900000, 0x0000000710a00000|  0%| F|  |TAMS 0x0000000710900000, 0x0000000710900000| Untracked 
| 214|0x0000000710a00000, 0x0000000710a00000, 0x0000000710b00000|  0%| F|  |TAMS 0x0000000710a00000, 0x0000000710a00000| Untracked 
| 215|0x0000000710b00000, 0x0000000710b00000, 0x0000000710c00000|  0%| F|  |TAMS 0x0000000710b00000, 0x0000000710b00000| Untracked 
| 216|0x0000000710c00000, 0x0000000710c00000, 0x0000000710d00000|  0%| F|  |TAMS 0x0000000710c00000, 0x0000000710c00000| Untracked 
| 217|0x0000000710d00000, 0x0000000710d00000, 0x0000000710e00000|  0%| F|  |TAMS 0x0000000710d00000, 0x0000000710d00000| Untracked 
| 218|0x0000000710e00000, 0x0000000710e00000, 0x0000000710f00000|  0%| F|  |TAMS 0x0000000710e00000, 0x0000000710e00000| Untracked 
| 219|0x0000000710f00000, 0x0000000710f00000, 0x0000000711000000|  0%| F|  |TAMS 0x0000000710f00000, 0x0000000710f00000| Untracked 
| 220|0x0000000711000000, 0x0000000711000000, 0x0000000711100000|  0%| F|  |TAMS 0x0000000711000000, 0x0000000711000000| Untracked 
| 221|0x0000000711100000, 0x0000000711100000, 0x0000000711200000|  0%| F|  |TAMS 0x0000000711100000, 0x0000000711100000| Untracked 
| 222|0x0000000711200000, 0x0000000711200000, 0x0000000711300000|  0%| F|  |TAMS 0x0000000711200000, 0x0000000711200000| Untracked 
| 223|0x0000000711300000, 0x0000000711300000, 0x0000000711400000|  0%| F|  |TAMS 0x0000000711300000, 0x0000000711300000| Untracked 
| 224|0x0000000711400000, 0x0000000711400000, 0x0000000711500000|  0%| F|  |TAMS 0x0000000711400000, 0x0000000711400000| Untracked 
| 225|0x0000000711500000, 0x0000000711500000, 0x0000000711600000|  0%| F|  |TAMS 0x0000000711500000, 0x0000000711500000| Untracked 
| 226|0x0000000711600000, 0x0000000711600000, 0x0000000711700000|  0%| F|  |TAMS 0x0000000711600000, 0x0000000711600000| Untracked 
| 227|0x0000000711700000, 0x0000000711700000, 0x0000000711800000|  0%| F|  |TAMS 0x0000000711700000, 0x0000000711700000| Untracked 
| 228|0x0000000711800000, 0x0000000711800000, 0x0000000711900000|  0%| F|  |TAMS 0x0000000711800000, 0x0000000711800000| Untracked 
| 229|0x0000000711900000, 0x0000000711900000, 0x0000000711a00000|  0%| F|  |TAMS 0x0000000711900000, 0x0000000711900000| Untracked 
| 230|0x0000000711a00000, 0x0000000711a00000, 0x0000000711b00000|  0%| F|  |TAMS 0x0000000711a00000, 0x0000000711a00000| Untracked 
| 231|0x0000000711b00000, 0x0000000711b00000, 0x0000000711c00000|  0%| F|  |TAMS 0x0000000711b00000, 0x0000000711b00000| Untracked 
| 232|0x0000000711c00000, 0x0000000711c00000, 0x0000000711d00000|  0%| F|  |TAMS 0x0000000711c00000, 0x0000000711c00000| Untracked 
| 233|0x0000000711d00000, 0x0000000711d00000, 0x0000000711e00000|  0%| F|  |TAMS 0x0000000711d00000, 0x0000000711d00000| Untracked 
| 234|0x0000000711e00000, 0x0000000711e00000, 0x0000000711f00000|  0%| F|  |TAMS 0x0000000711e00000, 0x0000000711e00000| Untracked 
| 235|0x0000000711f00000, 0x0000000711f00000, 0x0000000712000000|  0%| F|  |TAMS 0x0000000711f00000, 0x0000000711f00000| Untracked 
| 236|0x0000000712000000, 0x0000000712000000, 0x0000000712100000|  0%| F|  |TAMS 0x0000000712000000, 0x0000000712000000| Untracked 
| 237|0x0000000712100000, 0x0000000712180800, 0x0000000712200000| 50%| E|  |TAMS 0x0000000712100000, 0x0000000712100000| Complete 
| 238|0x0000000712200000, 0x0000000712300000, 0x0000000712300000|100%| E|CS|TAMS 0x0000000712200000, 0x0000000712200000| Complete 
| 239|0x0000000712300000, 0x0000000712400000, 0x0000000712400000|100%| E|CS|TAMS 0x0000000712300000, 0x0000000712300000| Complete 
| 240|0x0000000712400000, 0x0000000712500000, 0x0000000712500000|100%| E|CS|TAMS 0x0000000712400000, 0x0000000712400000| Complete 
| 241|0x0000000712500000, 0x0000000712600000, 0x0000000712600000|100%| E|CS|TAMS 0x0000000712500000, 0x0000000712500000| Complete 
| 242|0x0000000712600000, 0x0000000712700000, 0x0000000712700000|100%| E|CS|TAMS 0x0000000712600000, 0x0000000712600000| Complete 
| 243|0x0000000712700000, 0x00000007127ac080, 0x0000000712800000| 67%| S|CS|TAMS 0x0000000712700000, 0x0000000712700000| Complete 
| 244|0x0000000712800000, 0x0000000712900000, 0x0000000712900000|100%| E|CS|TAMS 0x0000000712800000, 0x0000000712800000| Complete 
| 245|0x0000000712900000, 0x0000000712a00000, 0x0000000712a00000|100%| E|CS|TAMS 0x0000000712900000, 0x0000000712900000| Complete 
| 246|0x0000000712a00000, 0x0000000712b00000, 0x0000000712b00000|100%| E|CS|TAMS 0x0000000712a00000, 0x0000000712a00000| Complete 
| 247|0x0000000712b00000, 0x0000000712c00000, 0x0000000712c00000|100%| E|CS|TAMS 0x0000000712b00000, 0x0000000712b00000| Complete 
| 248|0x0000000712c00000, 0x0000000712d00000, 0x0000000712d00000|100%| E|CS|TAMS 0x0000000712c00000, 0x0000000712c00000| Complete 
| 249|0x0000000712d00000, 0x0000000712e00000, 0x0000000712e00000|100%| E|CS|TAMS 0x0000000712d00000, 0x0000000712d00000| Complete 
| 250|0x0000000712e00000, 0x0000000712f00000, 0x0000000712f00000|100%| E|CS|TAMS 0x0000000712e00000, 0x0000000712e00000| Complete 
| 251|0x0000000712f00000, 0x0000000713000000, 0x0000000713000000|100%| E|CS|TAMS 0x0000000712f00000, 0x0000000712f00000| Complete 
| 252|0x0000000713000000, 0x0000000713100000, 0x0000000713100000|100%| E|CS|TAMS 0x0000000713000000, 0x0000000713000000| Complete 
| 253|0x0000000713100000, 0x0000000713200000, 0x0000000713200000|100%| E|CS|TAMS 0x0000000713100000, 0x0000000713100000| Complete 

Card table byte_map: [0x0000027f72320000,0x0000027f72b10000] _byte_map_base: 0x0000027f6eb06000

Marking Bits (Prev, Next): (CMBitMap*) 0x0000027f6e09e818, (CMBitMap*) 0x0000027f6e09e850
 Prev Bits: [0x0000027f73300000, 0x0000027f77230000)
 Next Bits: [0x0000027f77230000, 0x0000027f7b160000)

Polling page: 0x0000027f6bf90000

Metaspace:

Usage:
  Non-class:     13.62 MB capacity,    13.46 MB ( 99%) used,   139.75 KB (  1%) free+waste,    21.75 KB ( <1%) overhead. 
      Class:      1.86 MB capacity,     1.74 MB ( 93%) used,   115.62 KB (  6%) free+waste,    10.88 KB ( <1%) overhead. 
       Both:     15.48 MB capacity,    15.20 MB ( 98%) used,   255.37 KB (  2%) free+waste,    32.63 KB ( <1%) overhead. 

Virtual space:
  Non-class space:       16.00 MB reserved,      13.75 MB ( 86%) committed 
      Class space:        1.00 GB reserved,       1.88 MB ( <1%) committed 
             Both:        1.02 GB reserved,      15.63 MB (  2%) committed 

Chunk freelists:
   Non-Class:  5.00 KB
       Class:  12.00 KB
        Both:  17.00 KB

MaxMetaspaceSize: 17179869184.00 GB
CompressedClassSpaceSize: 1.00 GB

CodeHeap 'non-profiled nmethods': size=120064Kb used=429Kb max_used=429Kb free=119634Kb
 bounds [0x0000027f07ac0000, 0x0000027f07d30000, 0x0000027f0f000000]
CodeHeap 'profiled nmethods': size=120000Kb used=2313Kb max_used=2313Kb free=117686Kb
 bounds [0x0000027f00590000, 0x0000027f00800000, 0x0000027f07ac0000]
CodeHeap 'non-nmethods': size=5696Kb used=1112Kb max_used=1119Kb free=4584Kb
 bounds [0x0000027f00000000, 0x0000027f00270000, 0x0000027f00590000]
 total_blobs=1667 nmethods=1240 adapters=339
 compilation: enabled
              stopped_count=0, restarted_count=0
 full_count=0

Compilation events (20 events):
Event: 9.738 Thread 0x0000027f7df75800 1224       3       org.gradle.internal.serialize.AbstractDecoder::readBinary (16 bytes)
Event: 9.738 Thread 0x0000027f7df75800 nmethod 1224 0x0000027f007c9e90 code [0x0000027f007ca060, 0x0000027f007ca578]
Event: 9.738 Thread 0x0000027f7df75800 1225       3       org.gradle.internal.serialize.AbstractDecoder::readBytes (9 bytes)
Event: 9.739 Thread 0x0000027f7df75800 nmethod 1225 0x0000027f007ca710 code [0x0000027f007ca8c0, 0x0000027f007caa88]
Event: 9.739 Thread 0x0000027f7df75800 1226       1       java.util.concurrent.CopyOnWriteArrayList::getArray (5 bytes)
Event: 9.739 Thread 0x0000027f7df75800 nmethod 1226 0x0000027f07b2ae10 code [0x0000027f07b2afc0, 0x0000027f07b2b078]
Event: 9.741 Thread 0x0000027f7df75800 1227       3       jdk.internal.module.SystemModuleFinders$SystemImage::reader (4 bytes)
Event: 9.741 Thread 0x0000027f7df75800 nmethod 1227 0x0000027f007cab90 code [0x0000027f007cad40, 0x0000027f007cae38]
Event: 9.741 Thread 0x0000027f7df75800 1228       3       jdk.internal.jimage.ImageReader::requireOpen (18 bytes)
Event: 9.741 Thread 0x0000027f7df75800 nmethod 1228 0x0000027f007cae90 code [0x0000027f007cb060, 0x0000027f007cb288]
Event: 9.741 Thread 0x0000027f7df75800 1229       3       jdk.internal.loader.BuiltinClassLoader::moduleReaderFor (45 bytes)
Event: 9.742 Thread 0x0000027f7df75800 nmethod 1229 0x0000027f007cb390 code [0x0000027f007cb5a0, 0x0000027f007cbcb8]
Event: 9.742 Thread 0x0000027f7df75800 1231       3       java.nio.ByteBuffer::<init> (45 bytes)
Event: 9.742 Thread 0x0000027f7df75800 nmethod 1231 0x0000027f007cbe90 code [0x0000027f007cc060, 0x0000027f007cc288]
Event: 9.743 Thread 0x0000027f7df75800 1232       3       java.nio.MappedByteBuffer::position (6 bytes)
Event: 9.743 Thread 0x0000027f7df75800 nmethod 1232 0x0000027f007cc390 code [0x0000027f007cc560, 0x0000027f007cc768]
Event: 9.743 Thread 0x0000027f7df75800 1233       3       java.util.concurrent.ConcurrentHashMap$ValueIterator::next (34 bytes)
Event: 9.743 Thread 0x0000027f7df75800 nmethod 1233 0x0000027f007cc890 code [0x0000027f007cca60, 0x0000027f007ccd38]
Event: 9.744 Thread 0x0000027f7df75800 1234       3       jdk.internal.jimage.ImageLocation::decompress (153 bytes)
Event: 9.746 Thread 0x0000027f7df75800 nmethod 1234 0x0000027f007cce90 code [0x0000027f007cd1a0, 0x0000027f007ce338]

GC Heap History (4 events):
Event: 1.349 GC heap before
{Heap before GC invocations=0 (full 0):
 garbage-first heap   total 260096K, used 19456K [0x0000000703400000, 0x0000000800000000)
  region size 1024K, 14 young (14336K), 0 survivors (0K)
 Metaspace       used 8466K, capacity 8646K, committed 8832K, reserved 1056768K
  class space    used 780K, capacity 857K, committed 896K, reserved 1048576K
}
Event: 1.360 GC heap after
{Heap after GC invocations=1 (full 0):
 garbage-first heap   total 260096K, used 8275K [0x0000000703400000, 0x0000000800000000)
  region size 1024K, 2 young (2048K), 2 survivors (2048K)
 Metaspace       used 8466K, capacity 8646K, committed 8832K, reserved 1056768K
  class space    used 780K, capacity 857K, committed 896K, reserved 1048576K
}
Event: 1.993 GC heap before
{Heap before GC invocations=1 (full 0):
 garbage-first heap   total 260096K, used 18515K [0x0000000703400000, 0x0000000800000000)
  region size 1024K, 12 young (12288K), 2 survivors (2048K)
 Metaspace       used 11445K, capacity 11645K, committed 11904K, reserved 1060864K
  class space    used 1241K, capacity 1308K, committed 1408K, reserved 1048576K
}
Event: 1.997 GC heap after
{Heap after GC invocations=2 (full 0):
 garbage-first heap   total 260096K, used 8783K [0x0000000703400000, 0x0000000800000000)
  region size 1024K, 1 young (1024K), 1 survivors (1024K)
 Metaspace       used 11445K, capacity 11645K, committed 11904K, reserved 1060864K
  class space    used 1241K, capacity 1308K, committed 1408K, reserved 1048576K
}

Deoptimization events (20 events):
Event: 3.445 Thread 0x0000027f7f02a000 Uncommon trap: trap_request=0xffffffde fr.pc=0x0000027f07af0818 relative=0x0000000000000f78
Event: 3.445 Thread 0x0000027f7f02a000 Uncommon trap: reason=class_check action=maybe_recompile pc=0x0000027f07af0818 method=java.util.HashMap.putVal(ILjava/lang/Object;Ljava/lang/Object;ZZ)Ljava/lang/Object; @ 203 c2
Event: 3.445 Thread 0x0000027f7f02a000 DEOPT PACKING pc=0x0000027f07af0818 sp=0x000000adf5ffe420
Event: 3.445 Thread 0x0000027f7f02a000 DEOPT UNPACKING pc=0x0000027f00027b2f sp=0x000000adf5ffe3b0 mode 2
Event: 3.467 Thread 0x0000027f7f02a000 Uncommon trap: trap_request=0xffffff4d fr.pc=0x0000027f07af234c relative=0x000000000000048c
Event: 3.467 Thread 0x0000027f7f02a000 Uncommon trap: reason=unstable_if action=reinterpret pc=0x0000027f07af234c method=java.lang.AbstractStringBuilder.putStringAt(ILjava/lang/String;)V @ 8 c2
Event: 3.467 Thread 0x0000027f7f02a000 DEOPT PACKING pc=0x0000027f07af234c sp=0x000000adf5ffeb10
Event: 3.467 Thread 0x0000027f7f02a000 DEOPT UNPACKING pc=0x0000027f00027b2f sp=0x000000adf5ffea18 mode 2
Event: 3.467 Thread 0x0000027f7f02a000 Uncommon trap: trap_request=0xffffff4d fr.pc=0x0000027f07af81a4 relative=0x0000000000000464
Event: 3.467 Thread 0x0000027f7f02a000 Uncommon trap: reason=unstable_if action=reinterpret pc=0x0000027f07af81a4 method=java.lang.AbstractStringBuilder.putStringAt(ILjava/lang/String;)V @ 8 c2
Event: 3.467 Thread 0x0000027f7f02a000 DEOPT PACKING pc=0x0000027f07af81a4 sp=0x000000adf5ffeaa0
Event: 3.467 Thread 0x0000027f7f02a000 DEOPT UNPACKING pc=0x0000027f00027b2f sp=0x000000adf5ffea10 mode 2
Event: 3.467 Thread 0x0000027f7f02a000 Uncommon trap: trap_request=0xffffff4d fr.pc=0x0000027f07af5578 relative=0x0000000000000058
Event: 3.467 Thread 0x0000027f7f02a000 Uncommon trap: reason=unstable_if action=reinterpret pc=0x0000027f07af5578 method=java.lang.AbstractStringBuilder.isLatin1()Z @ 10 c2
Event: 3.467 Thread 0x0000027f7f02a000 DEOPT PACKING pc=0x0000027f07af5578 sp=0x000000adf5ffe9b0
Event: 3.467 Thread 0x0000027f7f02a000 DEOPT UNPACKING pc=0x0000027f00027b2f sp=0x000000adf5ffe940 mode 2
Event: 3.467 Thread 0x0000027f7f02a000 Uncommon trap: trap_request=0xffffff4d fr.pc=0x0000027f07b1265c relative=0x000000000000039c
Event: 3.467 Thread 0x0000027f7f02a000 Uncommon trap: reason=unstable_if action=reinterpret pc=0x0000027f07b1265c method=java.lang.AbstractStringBuilder.isLatin1()Z @ 10 c2
Event: 3.467 Thread 0x0000027f7f02a000 DEOPT PACKING pc=0x0000027f07b1265c sp=0x000000adf5ffeb20
Event: 3.467 Thread 0x0000027f7f02a000 DEOPT UNPACKING pc=0x0000027f00027b2f sp=0x000000adf5ffeaa0 mode 2

Classes redefined (0 events):
No events

Internal exceptions (15 events):
Event: 0.414 Thread 0x0000027f6be3e000 Exception <a 'java/lang/NoSuchMethodError'{0x0000000713089d20}: 'int java.lang.invoke.DirectMethodHandle$Holder.invokeSpecialIFC(java.lang.Object, java.lang.Object, int)'> (0x0000000713089d20) thrown at [./src/hotspot/share/interpreter/linkResolver.cpp, line 773]
Event: 0.654 Thread 0x0000027f6be3e000 Exception <a 'java/lang/NoSuchMethodError'{0x0000000712e57760}: 'int java.lang.invoke.DirectMethodHandle$Holder.invokeStaticInit(java.lang.Object, java.lang.Object)'> (0x0000000712e57760) thrown at [./src/hotspot/share/interpreter/linkResolver.cpp, line 773]
Event: 0.752 Thread 0x0000027f6be3e000 Exception <a 'java/lang/NoSuchMethodError'{0x0000000712d13368}: 'int java.lang.invoke.DirectMethodHandle$Holder.invokeSpecial(java.lang.Object, java.lang.Object, java.lang.Object, java.lang.Object)'> (0x0000000712d13368) thrown at [./src/hotspot/share/interpreter/linkResolver.cpp, line 773]
Event: 1.678 Thread 0x0000027f6be3e000 Exception <a 'java/lang/NoClassDefFoundError'{0x0000000712c5da28}: org/slf4j/impl/StaticMarkerBinder> (0x0000000712c5da28) thrown at [./src/hotspot/share/classfile/systemDictionary.cpp, line 220]
Event: 1.697 Thread 0x0000027f6be3e000 Exception <a 'java/lang/NoSuchMethodError'{0x0000000712cf5640}: 'java.lang.Object java.lang.invoke.DirectMethodHandle$Holder.invokeVirtual(java.lang.Object, java.lang.Object, java.lang.Object, java.lang.Object, java.lang.Object)'> (0x0000000712cf5640) thrown at [./src/hotspot/share/interpreter/linkResolver.cpp, line 773]
Event: 1.970 Thread 0x0000027f6be3e000 Exception <a 'java/lang/NoSuchMethodError'{0x000000071288a830}: 'java.lang.Object java.lang.invoke.Invokers$Holder.invoker(java.lang.Object, java.lang.Object, java.lang.Object, java.lang.Object, java.lang.Object)'> (0x000000071288a830) thrown at [./src/hotspot/share/interpreter/linkResolver.cpp, line 773]
Event: 1.977 Thread 0x0000027f6be3e000 Exception <a 'java/lang/NoSuchMethodError'{0x000000071289b820}: 'void java.lang.invoke.DelegatingMethodHandle$Holder.delegate(java.lang.Object, java.lang.Object, int, java.lang.Object)'> (0x000000071289b820) thrown at [./src/hotspot/share/interpreter/linkResolver.cpp, line 773]
Event: 2.122 Thread 0x0000027f6be3e000 Exception <a 'java/lang/NoSuchMethodError'{0x0000000712e1ef88}: 'java.lang.Object java.lang.invoke.DirectMethodHandle$Holder.invokeStaticInit(java.lang.Object, java.lang.Object, java.lang.Object)'> (0x0000000712e1ef88) thrown at [./src/hotspot/share/interpreter/linkResolver.cpp, line 773]
Event: 2.278 Thread 0x0000027f6be3e000 Exception <a 'java/lang/NoSuchMethodError'{0x0000000712a46950}: 'java.lang.Object java.lang.invoke.DirectMethodHandle$Holder.invokeStaticInit(java.lang.Object, int, int, int, int)'> (0x0000000712a46950) thrown at [./src/hotspot/share/interpreter/linkResolver.cpp, line 773]
Event: 2.670 Thread 0x0000027f6be3e000 Exception <a 'java/lang/NoSuchMethodError'{0x000000071291bf50}: 'java.lang.Object java.lang.invoke.DirectMethodHandle$Holder.invokeStaticInit(java.lang.Object, java.lang.Object, int, int, int, int)'> (0x000000071291bf50) thrown at [./src/hotspot/share/interpreter/linkResolver.cpp, line 773]
Event: 3.431 Thread 0x0000027f7f02a000 Exception <a 'java/lang/NoSuchMethodError'{0x00000007123937c8}: 'void java.lang.invoke.DirectMethodHandle$Holder.invokeStatic(java.lang.Object, long)'> (0x00000007123937c8) thrown at [./src/hotspot/share/interpreter/linkResolver.cpp, line 773]
Event: 3.432 Thread 0x0000027f7f02a000 Exception <a 'java/lang/NoSuchMethodError'{0x0000000712398a18}: 'java.lang.Object java.lang.invoke.DirectMethodHandle$Holder.invokeStatic(java.lang.Object, long)'> (0x0000000712398a18) thrown at [./src/hotspot/share/interpreter/linkResolver.cpp, line 773]
Event: 3.435 Thread 0x0000027f7f02a000 Exception <a 'java/lang/NoSuchMethodError'{0x00000007123a6ab8}: 'java.lang.Object java.lang.invoke.DirectMethodHandle$Holder.invokeStaticInit(java.lang.Object, java.lang.Object, long, java.lang.Object)'> (0x00000007123a6ab8) thrown at [./src/hotspot/share/interpreter/linkResolver.cpp, line 773]
Event: 3.436 Thread 0x0000027f7f02a000 Exception <a 'java/lang/NoSuchMethodError'{0x00000007123ac9e0}: 'java.lang.Object java.lang.invoke.DirectMethodHandle$Holder.invokeStatic(java.lang.Object, java.lang.Object, long)'> (0x00000007123ac9e0) thrown at [./src/hotspot/share/interpreter/linkResolver.cpp, line 773]
Event: 3.437 Thread 0x0000027f7f02a000 Exception <a 'java/lang/NoSuchMethodError'{0x00000007123b2cb0}: 'java.lang.Object java.lang.invoke.Invokers$Holder.linkToTargetMethod(java.lang.Object, long, java.lang.Object)'> (0x00000007123b2cb0) thrown at [./src/hotspot/share/interpreter/linkResolver.cpp, line 773]

Events (20 events):
Event: 9.765 loading class java/nio/channels/Selector done
Event: 9.765 loading class sun/nio/ch/WindowsSelectorImpl
Event: 9.766 loading class sun/nio/ch/SelectorImpl
Event: 9.767 loading class java/nio/channels/spi/AbstractSelector
Event: 9.767 loading class java/nio/channels/spi/AbstractSelector done
Event: 9.767 loading class sun/nio/ch/SelectorImpl done
Event: 9.767 loading class sun/nio/ch/WindowsSelectorImpl done
Event: 9.767 loading class sun/nio/ch/Util
Event: 9.768 loading class sun/nio/ch/Util done
Event: 9.768 loading class sun/nio/ch/Util$1
Event: 9.769 loading class sun/nio/ch/Util$1 done
Event: 9.769 loading class sun/nio/ch/Util$2
Event: 9.769 loading class sun/nio/ch/Util$2 done
Event: 9.769 loading class sun/nio/ch/SelectionKeyImpl
Event: 9.769 loading class java/nio/channels/spi/AbstractSelectionKey
Event: 9.770 loading class java/nio/channels/SelectionKey
Event: 9.771 loading class java/nio/channels/SelectionKey done
Event: 9.771 loading class java/nio/channels/spi/AbstractSelectionKey done
Event: 9.771 loading class sun/nio/ch/SelectionKeyImpl done
Event: 9.771 loading class sun/nio/ch/WindowsSelectorImpl$FdMap


Dynamic libraries:
0x00007ff784650000 - 0x00007ff78465a000 	C:\Program Files\Android\Android Studio\jre\bin\java.exe
0x00007ffd2f070000 - 0x00007ffd2f265000 	C:\WINDOWS\SYSTEM32\ntdll.dll
0x00007ffd2e640000 - 0x00007ffd2e6fe000 	C:\WINDOWS\System32\KERNEL32.DLL
0x00007ffd2ca70000 - 0x00007ffd2cd38000 	C:\WINDOWS\System32\KERNELBASE.dll
0x00007ffd2cd40000 - 0x00007ffd2ce40000 	C:\WINDOWS\System32\ucrtbase.dll
0x00007ffd1caf0000 - 0x00007ffd1cb09000 	C:\Program Files\Android\Android Studio\jre\bin\jli.dll
0x00007ffd1c8c0000 - 0x00007ffd1c8d7000 	C:\Program Files\Android\Android Studio\jre\bin\VCRUNTIME140.dll
0x00007ffd2d200000 - 0x00007ffd2d3a1000 	C:\WINDOWS\System32\USER32.dll
0x00007ffd2ca40000 - 0x00007ffd2ca62000 	C:\WINDOWS\System32\win32u.dll
0x00007ffd2bb00000 - 0x00007ffd2bd9a000 	C:\WINDOWS\WinSxS\amd64_microsoft.windows.common-controls_6595b64144ccf1df_6.0.19041.1110_none_60b5254171f9507e\COMCTL32.dll
0x00007ffd2e760000 - 0x00007ffd2e78b000 	C:\WINDOWS\System32\GDI32.dll
0x00007ffd2d540000 - 0x00007ffd2d5de000 	C:\WINDOWS\System32\msvcrt.dll
0x00007ffd2ce70000 - 0x00007ffd2cf7b000 	C:\WINDOWS\System32\gdi32full.dll
0x00007ffd2c840000 - 0x00007ffd2c8dd000 	C:\WINDOWS\System32\msvcp_win.dll
0x00007ffd2e590000 - 0x00007ffd2e5c0000 	C:\WINDOWS\System32\IMM32.DLL
0x00007ffce9380000 - 0x00007ffce941d000 	C:\Program Files\Android\Android Studio\jre\bin\msvcp140.dll
0x00007ffcb7930000 - 0x00007ffcb83ff000 	C:\Program Files\Android\Android Studio\jre\bin\server\jvm.dll
0x00007ffd2d3c0000 - 0x00007ffd2d46c000 	C:\WINDOWS\System32\ADVAPI32.dll
0x00007ffd2dfe0000 - 0x00007ffd2e07b000 	C:\WINDOWS\System32\sechost.dll
0x00007ffd2deb0000 - 0x00007ffd2dfda000 	C:\WINDOWS\System32\RPCRT4.dll
0x00007ffd2e0a0000 - 0x00007ffd2e0a8000 	C:\WINDOWS\System32\PSAPI.DLL
0x00007ffd12490000 - 0x00007ffd12499000 	C:\WINDOWS\SYSTEM32\WSOCK32.dll
0x00007ffd2de40000 - 0x00007ffd2deab000 	C:\WINDOWS\System32\WS2_32.dll
0x00007ffd135f0000 - 0x00007ffd13617000 	C:\WINDOWS\SYSTEM32\WINMM.dll
0x00007ffd23290000 - 0x00007ffd2329a000 	C:\WINDOWS\SYSTEM32\VERSION.dll
0x00007ffd2a330000 - 0x00007ffd2a342000 	C:\WINDOWS\SYSTEM32\kernel.appcore.dll
0x00007ffd1d280000 - 0x00007ffd1d291000 	C:\Program Files\Android\Android Studio\jre\bin\verify.dll
0x00007ffd2c190000 - 0x00007ffd2c374000 	C:\WINDOWS\SYSTEM32\DBGHELP.DLL
0x00007ffd2bf40000 - 0x00007ffd2bf6c000 	C:\WINDOWS\SYSTEM32\dbgcore.DLL
0x00007ffd2cf80000 - 0x00007ffd2d003000 	C:\WINDOWS\System32\bcryptPrimitives.dll
0x00007ffd1d0e0000 - 0x00007ffd1d109000 	C:\Program Files\Android\Android Studio\jre\bin\java.dll
0x00007ffd25730000 - 0x00007ffd2573b000 	C:\Program Files\Android\Android Studio\jre\bin\jimage.dll
0x00007ffd1d1e0000 - 0x00007ffd1d1f8000 	C:\Program Files\Android\Android Studio\jre\bin\zip.dll
0x00007ffd2d700000 - 0x00007ffd2de3f000 	C:\WINDOWS\System32\SHELL32.dll
0x00007ffd29500000 - 0x00007ffd29c90000 	C:\WINDOWS\SYSTEM32\windows.storage.dll
0x00007ffd2ea80000 - 0x00007ffd2edd5000 	C:\WINDOWS\System32\combase.dll
0x00007ffd2ba90000 - 0x00007ffd2babe000 	C:\WINDOWS\SYSTEM32\Wldp.dll
0x00007ffd2ede0000 - 0x00007ffd2ee8d000 	C:\WINDOWS\System32\SHCORE.dll
0x00007ffd2e530000 - 0x00007ffd2e585000 	C:\WINDOWS\System32\shlwapi.dll
0x00007ffd2c6d0000 - 0x00007ffd2c6ef000 	C:\WINDOWS\SYSTEM32\profapi.dll
0x00007ffd1cfd0000 - 0x00007ffd1cfea000 	C:\Program Files\Android\Android Studio\jre\bin\net.dll
0x00007ffd17570000 - 0x00007ffd1767c000 	C:\WINDOWS\SYSTEM32\WINHTTP.dll
0x00007ffd2b7f0000 - 0x00007ffd2b85a000 	C:\WINDOWS\system32\mswsock.dll
0x00007ffd1ca40000 - 0x00007ffd1ca54000 	C:\Program Files\Android\Android Studio\jre\bin\nio.dll
0x00007ffd1b780000 - 0x00007ffd1b7a6000 	C:\Users\TxLabz\.gradle\native\fdc75f09e3144964f2cf3f50f0aa648679c211496f362492102eb8c894070792\windows-amd64\native-platform.dll
0x00007ffcd94a0000 - 0x00007ffcd9631000 	C:\Users\TxLabz\.gradle\native\12488b8bf47d2d4c9fbf2f6322a914ad602e24e48041cd04a747c6da556b65c4\windows-amd64\native-platform-file-events.dll
0x00007ffd1d370000 - 0x00007ffd1d37a000 	C:\Program Files\Android\Android Studio\jre\bin\management.dll
0x00007ffd1d210000 - 0x00007ffd1d21c000 	C:\Program Files\Android\Android Studio\jre\bin\management_ext.dll
0x00007ffd2c4a0000 - 0x00007ffd2c4b8000 	C:\WINDOWS\SYSTEM32\CRYPTSP.dll
0x00007ffd2b190000 - 0x00007ffd2b1c4000 	C:\WINDOWS\system32\rsaenh.dll
0x00007ffd2ce40000 - 0x00007ffd2ce67000 	C:\WINDOWS\System32\bcrypt.dll
0x00007ffd2c650000 - 0x00007ffd2c67e000 	C:\WINDOWS\SYSTEM32\USERENV.dll
0x00007ffd2ba80000 - 0x00007ffd2ba8c000 	C:\WINDOWS\SYSTEM32\CRYPTBASE.dll
0x00007ffd2b4e0000 - 0x00007ffd2b51b000 	C:\WINDOWS\SYSTEM32\IPHLPAPI.DLL
0x00007ffd2d3b0000 - 0x00007ffd2d3b8000 	C:\WINDOWS\System32\NSI.dll
0x00007ffd18490000 - 0x00007ffd184a7000 	C:\WINDOWS\SYSTEM32\dhcpcsvc6.DLL
0x00007ffd19c00000 - 0x00007ffd19c1d000 	C:\WINDOWS\SYSTEM32\dhcpcsvc.DLL
0x00007ffd2b520000 - 0x00007ffd2b5eb000 	C:\WINDOWS\SYSTEM32\DNSAPI.dll
0x00007ffd1a1b0000 - 0x00007ffd1a1bb000 	C:\WINDOWS\SYSTEM32\WINNSI.DLL

dbghelp: loaded successfully - version: 4.0.5 - missing functions: none
symbol engine: initialized successfully - sym options: 0x614 - pdb path: .;C:\Program Files\Android\Android Studio\jre\bin;C:\WINDOWS\SYSTEM32;C:\WINDOWS\WinSxS\amd64_microsoft.windows.common-controls_6595b64144ccf1df_6.0.19041.1110_none_60b5254171f9507e;C:\Program Files\Android\Android Studio\jre\bin\server;C:\Users\TxLabz\.gradle\native\fdc75f09e3144964f2cf3f50f0aa648679c211496f362492102eb8c894070792\windows-amd64;C:\Users\TxLabz\.gradle\native\12488b8bf47d2d4c9fbf2f6322a914ad602e24e48041cd04a747c6da556b65c4\windows-amd64

VM Arguments:
jvm_args: -Dorg.gradle.appname=gradlew 
java_command: org.gradle.wrapper.GradleWrapperMain -q -Ptarget-platform=android-x86 -Ptarget=C:\Users\TxLabz\Documents\projects\medifier\medifier\lib\main.dart -Pbase-application-name=android.app.Application -Pdart-defines=Zmx1dHRlci5pbnNwZWN0b3Iuc3RydWN0dXJlZEVycm9ycz10cnVl,RkxVVFRFUl9XRUJfQVVUT19ERVRFQ1Q9dHJ1ZQ== -Pdart-obfuscation=false -Ptrack-widget-creation=true -Ptree-shake-icons=false -Pfilesystem-scheme=org-dartlang-root assembleDebug
java_class_path (initial): C:\Users\TxLabz\Documents\projects\medifier\medifier\android\\gradle\wrapper\gradle-wrapper.jar
Launcher Type: SUN_STANDARD

[Global flags]
     intx CICompilerCount                          = 3                                         {product} {ergonomic}
     uint ConcGCThreads                            = 1                                         {product} {ergonomic}
     uint G1ConcRefinementThreads                  = 4                                         {product} {ergonomic}
   size_t G1HeapRegionSize                         = 1048576                                   {product} {ergonomic}
    uintx GCDrainStackTargetSize                   = 64                                        {product} {ergonomic}
   size_t InitialHeapSize                          = 266338304                                 {product} {ergonomic}
   size_t MarkStackSize                            = 4194304                                   {product} {ergonomic}
   size_t MaxHeapSize                              = 4240441344                                {product} {ergonomic}
   size_t MaxNewSize                               = 2543845376                                {product} {ergonomic}
   size_t MinHeapDeltaBytes                        = 1048576                                   {product} {ergonomic}
    uintx NonNMethodCodeHeapSize                   = 5830732                                {pd product} {ergonomic}
    uintx NonProfiledCodeHeapSize                  = 122913754                              {pd product} {ergonomic}
    uintx ProfiledCodeHeapSize                     = 122913754                              {pd product} {ergonomic}
    uintx ReservedCodeCacheSize                    = 251658240                              {pd product} {ergonomic}
     bool SegmentedCodeCache                       = true                                      {product} {ergonomic}
     bool UseCompressedClassPointers               = true                                 {lp64_product} {ergonomic}
     bool UseCompressedOops                        = true                                 {lp64_product} {ergonomic}
     bool UseG1GC                                  = true                                      {product} {ergonomic}
     bool UseLargePagesIndividualAllocation        = false                                  {pd product} {ergonomic}

Logging:
Log output configuration:
 #0: stdout all=warning uptime,level,tags
 #1: stderr all=off uptime,level,tags

Environment Variables:
JAVA_HOME=C:\Program Files\Android\Android Studio\jre
CLASSPATH=C:\Users\TxLabz\Documents\projects\medifier\medifier\android\\gradle\wrapper\gradle-wrapper.jar
PATH=C:\Python310\Scripts\;C:\Python310\;C:\Program Files (x86)\Common Files\Oracle\Java\javapath;C:\WINDOWS\system32;C:\WINDOWS;C:\WINDOWS\System32\Wbem;C:\WINDOWS\System32\WindowsPowerShell\v1.0\;C:\WINDOWS\System32\OpenSSH\;C:\Users\TxLabz\Downloads\flutter_windows_2.5.2-stable\flutter\bin;C:\Program Files\Git\cmd;C:\Program Files\nodejs\;C:\ProgramData\chocolatey\bin;C:\Users\TxLabz\AppData\Local\Microsoft\WindowsApps;C:\Users\TxLabz\AppData\Local\Programs\Microsoft VS Code\bin;C:\Users\TxLabz\Downloads\flutter_windows_2.5.2-stable\flutter\bin;C:\Users\TxLabz\AppData\Local\GitHubDesktop\bin;C:\Users\TxLabz\AppData\Local\Android\Sdk\platform-tools;C:\Users\TxLabz\AppData\Roaming\npm;C:\Users\TxLabz\Downloads\flutter_windows_2.5.2-stable\flutter\bin\mingit\cmd
USERNAME=TxLabz
OS=Windows_NT
PROCESSOR_IDENTIFIER=Intel64 Family 6 Model 78 Stepping 3, GenuineIntel



---------------  S Y S T E M  ---------------

OS: Windows 10 , 64 bit Build 19041 (10.0.19041.1348)
OS uptime: 25 days 22:33 hours

CPU:total 4 (initial active 4) (2 cores per cpu, 2 threads per core) family 6 model 78 stepping 3 microcode 0xcc, cmov, cx8, fxsr, mmx, sse, sse2, sse3, ssse3, sse4.1, sse4.2, popcnt, avx, avx2, aes, clmul, erms, rtm, 3dnowpref, lzcnt, ht, tsc, tscinvbit, bmi1, bmi2, adx, fma

Memory: 4k page, system-wide physical 16168M (2876M free)
TotalPageFile size 46529M (AvailPageFile size 1M)
current process WorkingSet (physical memory assigned to process): 93M, peak: 96M
current process commit charge ("private bytes"): 353M, peak: 355M

vm_info: OpenJDK 64-Bit Server VM (11.0.10+0-b96-7249189) for windows-amd64 JRE (11.0.10+0-b96-7249189), built on Mar 31 2021 21:44:00 by "builder" with MS VC++ 14.0 (VS2015)

END.
